<?xml version="1.0" encoding="UTF-8"?>
<testsuite xmlns:xsi="http://www.w3.org/2001/XMLSchema-instance" xsi:noNamespaceSchemaLocation="https://maven.apache.org/surefire/maven-surefire-plugin/xsd/surefire-test-report.xsd" version="3.0.2" name="lab.weyland.flink.HealthStateRiskTest" time="0.027" tests="5" errors="0" skipped="0" failures="0">
  <properties>
[...]
</properties>
  <testcase name="parsesANumericValue" classname="lab.weyland.flink.HealthStateRiskTest" time="0.013"/>
  <testcase name="parsesAnIntegerValue" classname="lab.weyland.flink.HealthStateRiskTest" time="0.001"/>
  <testcase name="rendersNullFieldsAsThePlaceholder" classname="lab.weyland.flink.HealthStateRiskTest" time="0.001"/>
  <testcase name="skipsNonNumericSuppressionMarkers" classname="lab.weyland.flink.HealthStateRiskTest" time="0.001"/>
  <testcase name="skipsNull" classname="lab.weyland.flink.HealthStateRiskTest" time="0.001"/>
</testsuite>