-------------------------------------------------------------------------------
Test set: lab.weyland.fixture.selfcheck.DeliberateFailureTest
-------------------------------------------------------------------------------
Tests run: 1, Failures: 1, Errors: 0, Skipped: 0, Time elapsed: 0.022 s <<< FAILURE! -- in lab.weyland.fixture.selfcheck.DeliberateFailureTest
lab.weyland.fixture.selfcheck.DeliberateFailureTest.deliberateFailure -- Time elapsed: 0.012 s <<< FAILURE!
java.lang.AssertionError: deliberate: this failure is the point
	at lab.weyland.fixture.selfcheck.DeliberateFailureTest.deliberateFailure(DeliberateFailureTest.java:15)
	at java.base/java.lang.reflect.Method.invoke(Method.java:565)
	at java.base/java.util.ArrayList.forEach(ArrayList.java:1604)
	at java.base/java.util.ArrayList.forEach(ArrayList.java:1604)

